# JRE version: OpenJDK Runtime Environment Temurin-17.0.4.1+1 (17.0.4.1+1) (build 17.0.4.1+1)
# Java VM: OpenJDK 64-Bit Server VM Temurin-17.0.4.1+1 (17.0.4.1+1, mixed mode, emulated-client, tiered, compressed oops, compressed class ptrs, g1 gc, bsd-amd64)
GC Precious Log:
 CPUs: 8 total, 8 available
 Memory: 16384M
 Large Page Support: Disabled
 NUMA Support: Disabled
 Compressed Oops: Enabled (Zero based)
 Heap Region Size: 2M
 Heap Min Capacity: 8M
 Heap Initial Capacity: 256M
 Heap Max Capacity: 4G
 Pre-touch: Disabled
 Parallel Workers: 8
 Concurrent Workers: 2
 Concurrent Refinement Workers: 8
 Periodic GC: Disabled
Heap:
 garbage-first heap   total 61440K, used 34721K [0x0000000700000000, 0x0000000800000000)
  region size 2048K, 11 young (22528K), 2 survivors (4096K)
 Metaspace       used 48396K, committed 48768K, reserved 1097728K
  class space    used 6010K, committed 6208K, reserved 1048576K
GC Heap History (20 events):
Event: 1.879 GC heap before
{Heap before GC invocations=8 (full 0):
 garbage-first heap   total 151552K, used 61213K [0x0000000700000000, 0x0000000800000000)
  region size 2048K, 28 young (57344K), 2 survivors (4096K)
 Metaspace       used 35945K, committed 36288K, reserved 1081344K
  class space    used 4413K, committed 4608K, reserved 1048576K
}
Event: 1.883 GC heap after
{Heap after GC invocations=9 (full 0):
 garbage-first heap   total 151552K, used 13205K [0x0000000700000000, 0x0000000800000000)
  region size 2048K, 4 young (8192K), 4 survivors (8192K)
 Metaspace       used 35945K, committed 36288K, reserved 1081344K
  class space    used 4413K, committed 4608K, reserved 1048576K
}
Event: 2.157 GC heap before
{Heap before GC invocations=10 (full 0):
 garbage-first heap   total 61440K, used 50069K [0x0000000700000000, 0x0000000800000000)
  region size 2048K, 23 young (47104K), 4 survivors (8192K)
 Metaspace       used 40817K, committed 41088K, reserved 1089536K
  class space    used 5059K, committed 5184K, reserved 1048576K
}
Event: 2.162 GC heap after
{Heap after GC invocations=11 (full 0):
 garbage-first heap   total 65536K, used 14949K [0x0000000700000000, 0x0000000800000000)
  region size 2048K, 4 young (8192K), 4 survivors (8192K)
 Metaspace       used 40817K, committed 41088K, reserved 1089536K
  class space    used 5059K, committed 5184K, reserved 1048576K
}
Event: 2.169 GC heap before
{Heap before GC invocations=11 (full 0):
 garbage-first heap   total 65536K, used 16997K [0x0000000700000000, 0x0000000800000000)
  region size 2048K, 5 young (10240K), 4 survivors (8192K)
 Metaspace       used 40984K, committed 41344K, reserved 1089536K
  class space    used 5075K, committed 5248K, reserved 1048576K
}
Event: 2.173 GC heap after
{Heap after GC invocations=12 (full 0):
 garbage-first heap   total 65536K, used 15794K [0x0000000700000000, 0x0000000800000000)
  region size 2048K, 1 young (2048K), 1 survivors (2048K)
 Metaspace       used 40984K, committed 41344K, reserved 1089536K
  class space    used 5075K, committed 5248K, reserved 1048576K
}
Event: 2.557 GC heap before
{Heap before GC invocations=12 (full 0):
 garbage-first heap   total 65536K, used 46514K [0x0000000700000000, 0x0000000800000000)
  region size 2048K, 17 young (34816K), 1 survivors (2048K)
 Metaspace       used 43240K, committed 43648K, reserved 1089536K
  class space    used 5393K, committed 5568K, reserved 1048576K
}
Event: 2.560 GC heap after
{Heap after GC invocations=13 (full 0):
 garbage-first heap   total 131072K, used 16466K [0x0000000700000000, 0x0000000800000000)
  region size 2048K, 1 young (2048K), 1 survivors (2048K)
 Metaspace       used 43240K, committed 43648K, reserved 1089536K
  class space    used 5393K, committed 5568K, reserved 1048576K
}
Event: 326.840 GC heap before
{Heap before GC invocations=13 (full 0):
 garbage-first heap   total 131072K, used 53330K [0x0000000700000000, 0x0000000800000000)
  region size 2048K, 21 young (43008K), 1 survivors (2048K)
 Metaspace       used 48090K, committed 48448K, reserved 1097728K
  class space    used 5990K, committed 6144K, reserved 1048576K
}
Event: 326.862 GC heap after
{Heap after GC invocations=14 (full 1):
 garbage-first heap   total 75776K, used 16542K [0x0000000700000000, 0x0000000800000000)
  region size 2048K, 0 young (0K), 0 survivors (0K)
 Metaspace       used 48083K, committed 48448K, reserved 1097728K
  class space    used 5989K, committed 6144K, reserved 1048576K
}
Event: 327.143 GC heap before
{Heap before GC invocations=14 (full 1):
 garbage-first heap   total 75776K, used 51358K [0x0000000700000000, 0x0000000800000000)
  region size 2048K, 18 young (36864K), 0 survivors (0K)
 Metaspace       used 48176K, committed 48576K, reserved 1097728K
  class space    used 6001K, committed 6208K, reserved 1048576K
}
Event: 327.145 GC heap after
{Heap after GC invocations=15 (full 1):
 garbage-first heap   total 75776K, used 19463K [0x0000000700000000, 0x0000000800000000)
  region size 2048K, 2 young (4096K), 2 survivors (4096K)
 Metaspace       used 48176K, committed 48576K, reserved 1097728K
  class space    used 6001K, committed 6208K, reserved 1048576K
}
Event: 416.407 GC heap before
{Heap before GC invocations=15 (full 1):
 garbage-first heap   total 75776K, used 31751K [0x0000000700000000, 0x0000000800000000)
  region size 2048K, 9 young (18432K), 2 survivors (4096K)
 Metaspace       used 48217K, committed 48640K, reserved 1097728K
  class space    used 6005K, committed 6208K, reserved 1048576K
}
Event: 416.445 GC heap after
{Heap after GC invocations=16 (full 2):
 garbage-first heap   total 61440K, used 15952K [0x0000000700000000, 0x0000000800000000)
  region size 2048K, 0 young (0K), 0 survivors (0K)
 Metaspace       used 48088K, committed 48640K, reserved 1097728K
  class space    used 5976K, committed 6208K, reserved 1048576K
}
Event: 416.653 GC heap before
{Heap before GC invocations=16 (full 2):
 garbage-first heap   total 61440K, used 46672K [0x0000000700000000, 0x0000000800000000)
  region size 2048K, 15 young (30720K), 0 survivors (0K)
 Metaspace       used 48163K, committed 48640K, reserved 1097728K
  class space    used 5988K, committed 6208K, reserved 1048576K
}
Event: 416.655 GC heap after
{Heap after GC invocations=17 (full 2):
 garbage-first heap   total 61440K, used 18310K [0x0000000700000000, 0x0000000800000000)
  region size 2048K, 2 young (4096K), 2 survivors (4096K)
 Metaspace       used 48163K, committed 48640K, reserved 1097728K
  class space    used 5988K, committed 6208K, reserved 1048576K
}
Event: 469.629 GC heap before
{Heap before GC invocations=17 (full 2):
 garbage-first heap   total 61440K, used 34694K [0x0000000700000000, 0x0000000800000000)
  region size 2048K, 11 young (22528K), 2 survivors (4096K)
 Metaspace       used 48251K, committed 48704K, reserved 1097728K
  class space    used 5993K, committed 6208K, reserved 1048576K
}
Event: 469.663 GC heap after
{Heap after GC invocations=18 (full 3):
 garbage-first heap   total 61440K, used 16016K [0x0000000700000000, 0x0000000800000000)
  region size 2048K, 0 young (0K), 0 survivors (0K)
 Metaspace       used 48248K, committed 48704K, reserved 1097728K
  class space    used 5993K, committed 6208K, reserved 1048576K
}
Event: 469.852 GC heap before
{Heap before GC invocations=18 (full 3):
 garbage-first heap   total 61440K, used 44688K [0x0000000700000000, 0x0000000800000000)
  region size 2048K, 15 young (30720K), 0 survivors (0K)
 Metaspace       used 48318K, committed 48704K, reserved 1097728K
  class space    used 6004K, committed 6208K, reserved 1048576K
}
Event: 469.854 GC heap after
{Heap after GC invocations=19 (full 3):
 garbage-first heap   total 61440K, used 18337K [0x0000000700000000, 0x0000000800000000)
  region size 2048K, 2 young (4096K), 2 survivors (4096K)
 Metaspace       used 48318K, committed 48704K, reserved 1097728K
  class space    used 6004K, committed 6208K, reserved 1048576K
}

